TN:
SF:server/config.js
FNF:0
FNH:0
DA:4,3
DA:5,3
DA:6,3
DA:7,3
DA:8,3
DA:9,3
LF:6
LH:6
BRDA:12,0,0,3
BRDA:12,0,1,3
BRF:2
BRH:2
end_of_record
TN:
SF:server/routes.js
FN:8,routes
FN:42,errorHandler
FN:54,handler
FN:56,(anonymous_3)
FNF:4
FNH:4
FNDA:8,routes
FNDA:2,errorHandler
FNDA:8,handler
FNDA:2,(anonymous_3)
DA:5,1
DA:6,1
DA:9,8
DA:11,8
DA:12,1
DA:14,1
DA:17,7
DA:18,1
DA:20,1
DA:23,6
DA:24,1
DA:26,1
DA:29,5
DA:30,4
DA:32,2
DA:33,2
DA:35,2
DA:38,1
DA:39,1
DA:43,2
DA:44,1
DA:45,1
DA:46,1
DA:49,1
DA:50,1
DA:51,1
DA:55,8
DA:56,2
LF:28
LH:28
BRDA:11,0,0,1
BRDA:11,0,1,7
BRDA:11,1,0,8
BRDA:11,1,1,7
BRDA:17,2,0,1
BRDA:17,2,1,6
BRDA:17,3,0,7
BRDA:17,3,1,6
BRDA:23,4,0,1
BRDA:23,4,1,5
BRDA:23,5,0,6
BRDA:23,5,1,5
BRDA:29,6,0,4
BRDA:29,6,1,1
BRDA:33,7,0,1
BRDA:33,7,1,1
BRDA:43,8,0,1
BRDA:43,8,1,1
BRF:18
BRH:18
end_of_record
TN:
SF:server/utils.js
FNF:0
FNH:0
DA:3,1
DA:13,1
LF:2
LH:2
BRF:0
BRH:0
end_of_record
TN:
SF:server/controller/controller.js
FN:4,(anonymous_0)
FN:8,(anonymous_1)
FNF:2
FNH:2
FNDA:2,(anonymous_0)
FNDA:1,(anonymous_1)
DA:5,2
DA:9,1
LF:2
LH:2
BRF:0
BRH:0
end_of_record
TN:
SF:server/service/service.js
FN:13,(anonymous_0)
FN:17,(anonymous_1)
FN:27,(anonymous_2)
FNF:3
FNH:3
FNDA:1,(anonymous_0)
FNDA:1,(anonymous_1)
FNDA:1,(anonymous_2)
DA:10,3
DA:14,1
DA:18,1
DA:19,1
DA:20,1
DA:21,1
DA:28,1
DA:29,1
LF:8
LH:8
BRF:0
BRH:0
end_of_record
TN:
SF:tests/unit/_util/testUtil.js
FN:5,(anonymous_0)
FN:7,(anonymous_1)
FN:16,(anonymous_2)
FN:18,(anonymous_3)
FN:26,(anonymous_4)
FN:28,(anonymous_5)
FN:43,(anonymous_6)
FNF:7
FNH:4
FNDA:13,(anonymous_0)
FNDA:0,(anonymous_1)
FNDA:8,(anonymous_2)
FNDA:0,(anonymous_3)
FNDA:8,(anonymous_4)
FNDA:0,(anonymous_5)
FNDA:8,(anonymous_6)
DA:6,13
DA:8,0
DA:9,0
DA:11,0
DA:17,8
DA:19,0
DA:21,0
DA:27,8
DA:28,8
DA:30,8
DA:42,8
DA:43,8
LF:12
LH:7
BRF:0
BRH:0
end_of_record
